{"D:\\OneDrive\\Projects\\final-project-07-hills\\cirkle-app\\app\\layout.tsx": {"path":"D:\\OneDrive\\Projects\\final-project-07-hills\\cirkle-app\\app\\layout.tsx","statementMap":{"0":{"start":{"line":14,"column":24},"end":{"line":14,"column":35}},"1":{"start":{"line":9,"column":13},"end":{"line":9,"column":21}},"2":{"start":{"line":3,"column":22},"end":{"line":3,"column":null}},"3":{"start":{"line":4,"column":7},"end":{"line":4,"column":null}},"4":{"start":{"line":5,"column":30},"end":{"line":5,"column":null}},"5":{"start":{"line":7,"column":14},"end":{"line":7,"column":null}},"6":{"start":{"line":9,"column":34},"end":{"line":12,"column":null}}},"fnMap":{"0":{"name":"RootLayout","decl":{"start":{"line":14,"column":24},"end":{"line":14,"column":35}},"loc":{"start":{"line":18,"column":2},"end":{"line":28,"column":1}}}},"branchMap":{},"s":{"0":0,"1":0,"2":0,"3":0,"4":0,"5":0,"6":0},"f":{"0":0},"b":{}}
,"D:\\OneDrive\\Projects\\final-project-07-hills\\cirkle-app\\app\\page.tsx": {"path":"D:\\OneDrive\\Projects\\final-project-07-hills\\cirkle-app\\app\\page.tsx","statementMap":{"0":{"start":{"line":8,"column":24},"end":{"line":8,"column":null}},"1":{"start":{"line":3,"column":25},"end":{"line":3,"column":null}},"2":{"start":{"line":4,"column":26},"end":{"line":4,"column":null}},"3":{"start":{"line":5,"column":23},"end":{"line":5,"column":null}},"4":{"start":{"line":6,"column":33},"end":{"line":6,"column":null}},"5":{"start":{"line":9,"column":36},"end":{"line":9,"column":null}},"6":{"start":{"line":10,"column":28},"end":{"line":10,"column":null}},"7":{"start":{"line":11,"column":17},"end":{"line":11,"column":null}},"8":{"start":{"line":13,"column":28},"end":{"line":29,"column":null}},"9":{"start":{"line":14,"column":4},"end":{"line":28,"column":null}},"10":{"start":{"line":15,"column":6},"end":{"line":15,"column":null}},"11":{"start":{"line":16,"column":6},"end":{"line":16,"column":null}},"12":{"start":{"line":19,"column":6},"end":{"line":19,"column":null}},"13":{"start":{"line":22,"column":6},"end":{"line":22,"column":null}},"14":{"start":{"line":24,"column":6},"end":{"line":24,"column":null}},"15":{"start":{"line":25,"column":6},"end":{"line":25,"column":null}},"16":{"start":{"line":27,"column":6},"end":{"line":27,"column":null}}},"fnMap":{"0":{"name":"Home","decl":{"start":{"line":8,"column":24},"end":{"line":8,"column":null}},"loc":{"start":{"line":8,"column":24},"end":{"line":62,"column":null}}},"1":{"name":"(anonymous_2)","decl":{"start":{"line":13,"column":28},"end":{"line":13,"column":null}},"loc":{"start":{"line":13,"column":28},"end":{"line":29,"column":null}}}},"branchMap":{"0":{"loc":{"start":{"line":45,"column":7},"end":{"line":45,"column":null}},"type":"binary-expr","locations":[{"start":{"line":45,"column":7},"end":{"line":45,"column":null}}]},"1":{"loc":{"start":{"line":57,"column":17},"end":{"line":57,"column":null}},"type":"cond-expr","locations":[{"start":{"line":57,"column":29},"end":{"line":57,"column":47}},{"start":{"line":57,"column":47},"end":{"line":57,"column":null}}]}},"s":{"0":3,"1":1,"2":1,"3":1,"4":1,"5":7,"6":7,"7":7,"8":7,"9":2,"10":2,"11":2,"12":2,"13":1,"14":1,"15":1,"16":2},"f":{"0":7,"1":2},"b":{"0":[7],"1":[2,5]}}
,"D:\\OneDrive\\Projects\\final-project-07-hills\\cirkle-app\\app\\cmpt276\\page.tsx": {"path":"D:\\OneDrive\\Projects\\final-project-07-hills\\cirkle-app\\app\\cmpt276\\page.tsx","statementMap":{"0":{"start":{"line":8,"column":24},"end":{"line":8,"column":null}},"1":{"start":{"line":3,"column":17},"end":{"line":3,"column":null}},"2":{"start":{"line":4,"column":25},"end":{"line":4,"column":null}},"3":{"start":{"line":5,"column":23},"end":{"line":5,"column":null}},"4":{"start":{"line":6,"column":98},"end":{"line":6,"column":null}},"5":{"start":{"line":10,"column":21},"end":{"line":10,"column":30}},"6":{"start":{"line":11,"column":30},"end":{"line":11,"column":null}},"7":{"start":{"line":14,"column":26},"end":{"line":19,"column":null}},"8":{"start":{"line":15,"column":4},"end":{"line":18,"column":null}},"9":{"start":{"line":16,"column":6},"end":{"line":16,"column":null}},"10":{"start":{"line":17,"column":6},"end":{"line":17,"column":48}},"11":{"start":{"line":17,"column":23},"end":{"line":17,"column":41}},"12":{"start":{"line":40,"column":12},"end":{"line":41,"column":null}}},"fnMap":{"0":{"name":"CMPT276","decl":{"start":{"line":8,"column":24},"end":{"line":8,"column":null}},"loc":{"start":{"line":8,"column":24},"end":{"line":106,"column":null}}},"1":{"name":"(anonymous_3)","decl":{"start":{"line":14,"column":26},"end":{"line":14,"column":null}},"loc":{"start":{"line":14,"column":26},"end":{"line":19,"column":null}}},"2":{"name":"(anonymous_4)","decl":{"start":{"line":15,"column":51},"end":{"line":15,"column":null}},"loc":{"start":{"line":15,"column":51},"end":{"line":18,"column":null}}},"3":{"name":"(anonymous_5)","decl":{"start":{"line":17,"column":17},"end":{"line":17,"column":23}},"loc":{"start":{"line":17,"column":23},"end":{"line":17,"column":41}}},"4":{"name":"(anonymous_6)","decl":{"start":{"line":39,"column":46},"end":{"line":39,"column":47}},"loc":{"start":{"line":40,"column":12},"end":{"line":41,"column":null}}}},"branchMap":{"0":{"loc":{"start":{"line":44,"column":33},"end":{"line":44,"column":null}},"type":"cond-expr","locations":[{"start":{"line":44,"column":51},"end":{"line":44,"column":63}},{"start":{"line":44,"column":63},"end":{"line":44,"column":null}}]},"1":{"loc":{"start":{"line":62,"column":16},"end":{"line":63,"column":17}},"type":"cond-expr","locations":[{"start":{"line":62,"column":16},"end":{"line":63,"column":17}}]}},"s":{"0":0,"1":0,"2":0,"3":0,"4":0,"5":0,"6":0,"7":0,"8":0,"9":0,"10":0,"11":0,"12":0},"f":{"0":0,"1":0,"2":0,"3":0,"4":0},"b":{"0":[0,0],"1":[0]}}
,"D:\\OneDrive\\Projects\\final-project-07-hills\\cirkle-app\\app\\group\\[groupName]\\page.tsx": {"path":"D:\\OneDrive\\Projects\\final-project-07-hills\\cirkle-app\\app\\group\\[groupName]\\page.tsx","statementMap":{"0":{"start":{"line":9,"column":24},"end":{"line":9,"column":null}},"1":{"start":{"line":3,"column":26},"end":{"line":3,"column":null}},"2":{"start":{"line":4,"column":17},"end":{"line":4,"column":null}},"3":{"start":{"line":5,"column":36},"end":{"line":5,"column":null}},"4":{"start":{"line":6,"column":23},"end":{"line":6,"column":null}},"5":{"start":{"line":7,"column":72},"end":{"line":7,"column":null}},"6":{"start":{"line":10,"column":24},"end":{"line":10,"column":null}},"7":{"start":{"line":11,"column":30},"end":{"line":11,"column":null}},"8":{"start":{"line":12,"column":36},"end":{"line":12,"column":null}},"9":{"start":{"line":14,"column":2},"end":{"line":17,"column":null}},"10":{"start":{"line":16,"column":4},"end":{"line":16,"column":null}},"11":{"start":{"line":19,"column":26},"end":{"line":24,"column":null}},"12":{"start":{"line":20,"column":4},"end":{"line":23,"column":null}},"13":{"start":{"line":21,"column":6},"end":{"line":21,"column":null}},"14":{"start":{"line":22,"column":6},"end":{"line":22,"column":null}},"15":{"start":{"line":22,"column":23},"end":{"line":22,"column":41}},"16":{"start":{"line":45,"column":12},"end":{"line":46,"column":null}}},"fnMap":{"0":{"name":"GroupPage","decl":{"start":{"line":9,"column":24},"end":{"line":9,"column":null}},"loc":{"start":{"line":9,"column":24},"end":{"line":96,"column":null}}},"1":{"name":"(anonymous_3)","decl":{"start":{"line":14,"column":12},"end":{"line":14,"column":null}},"loc":{"start":{"line":14,"column":12},"end":{"line":17,"column":5}}},"2":{"name":"(anonymous_4)","decl":{"start":{"line":19,"column":26},"end":{"line":19,"column":null}},"loc":{"start":{"line":19,"column":26},"end":{"line":24,"column":null}}},"3":{"name":"(anonymous_5)","decl":{"start":{"line":20,"column":50},"end":{"line":20,"column":null}},"loc":{"start":{"line":20,"column":50},"end":{"line":23,"column":null}}},"4":{"name":"(anonymous_6)","decl":{"start":{"line":22,"column":17},"end":{"line":22,"column":23}},"loc":{"start":{"line":22,"column":23},"end":{"line":22,"column":41}}},"5":{"name":"(anonymous_7)","decl":{"start":{"line":44,"column":46},"end":{"line":44,"column":47}},"loc":{"start":{"line":45,"column":12},"end":{"line":46,"column":null}}}},"branchMap":{"0":{"loc":{"start":{"line":49,"column":33},"end":{"line":49,"column":null}},"type":"cond-expr","locations":[{"start":{"line":49,"column":51},"end":{"line":49,"column":63}},{"start":{"line":49,"column":63},"end":{"line":49,"column":null}}]},"1":{"loc":{"start":{"line":66,"column":16},"end":{"line":68,"column":17}},"type":"cond-expr","locations":[{"start":{"line":66,"column":16},"end":{"line":68,"column":17}}]}},"s":{"0":0,"1":0,"2":0,"3":0,"4":0,"5":0,"6":0,"7":0,"8":0,"9":0,"10":0,"11":0,"12":0,"13":0,"14":0,"15":0,"16":0},"f":{"0":0,"1":0,"2":0,"3":0,"4":0,"5":0},"b":{"0":[0,0],"1":[0]}}
,"D:\\OneDrive\\Projects\\final-project-07-hills\\cirkle-app\\app\\pomodoro\\page.tsx": {"path":"D:\\OneDrive\\Projects\\final-project-07-hills\\cirkle-app\\app\\pomodoro\\page.tsx","statementMap":{"0":{"start":{"line":11,"column":24},"end":{"line":11,"column":null}},"1":{"start":{"line":3,"column":44},"end":{"line":3,"column":null}},"2":{"start":{"line":4,"column":23},"end":{"line":4,"column":null}},"3":{"start":{"line":5,"column":57},"end":{"line":5,"column":null}},"4":{"start":{"line":6,"column":17},"end":{"line":6,"column":null}},"5":{"start":{"line":12,"column":32},"end":{"line":12,"column":null}},"6":{"start":{"line":13,"column":32},"end":{"line":13,"column":null}},"7":{"start":{"line":14,"column":34},"end":{"line":14,"column":null}},"8":{"start":{"line":15,"column":36},"end":{"line":15,"column":null}},"9":{"start":{"line":16,"column":36},"end":{"line":16,"column":null}},"10":{"start":{"line":17,"column":42},"end":{"line":17,"column":null}},"11":{"start":{"line":19,"column":17},"end":{"line":19,"column":null}},"12":{"start":{"line":20,"column":44},"end":{"line":20,"column":null}},"13":{"start":{"line":22,"column":43},"end":{"line":33,"column":null}},"14":{"start":{"line":35,"column":19},"end":{"line":35,"column":null}},"15":{"start":{"line":37,"column":2},"end":{"line":59,"column":null}},"16":{"start":{"line":38,"column":4},"end":{"line":54,"column":null}},"17":{"start":{"line":39,"column":6},"end":{"line":51,"column":null}},"18":{"start":{"line":40,"column":8},"end":{"line":50,"column":null}},"19":{"start":{"line":41,"column":10},"end":{"line":45,"column":null}},"20":{"start":{"line":42,"column":12},"end":{"line":42,"column":null}},"21":{"start":{"line":43,"column":12},"end":{"line":43,"column":null}},"22":{"start":{"line":44,"column":12},"end":{"line":44,"column":null}},"23":{"start":{"line":46,"column":10},"end":{"line":46,"column":null}},"24":{"start":{"line":46,"column":31},"end":{"line":46,"column":null}},"25":{"start":{"line":47,"column":10},"end":{"line":47,"column":null}},"26":{"start":{"line":49,"column":10},"end":{"line":49,"column":null}},"27":{"start":{"line":49,"column":31},"end":{"line":49,"column":null}},"28":{"start":{"line":52,"column":11},"end":{"line":54,"column":null}},"29":{"start":{"line":53,"column":6},"end":{"line":53,"column":null}},"30":{"start":{"line":56,"column":4},"end":{"line":58,"column":null}},"31":{"start":{"line":57,"column":6},"end":{"line":57,"column":null}},"32":{"start":{"line":57,"column":28},"end":{"line":57,"column":null}},"33":{"start":{"line":61,"column":22},"end":{"line":64,"column":null}},"34":{"start":{"line":62,"column":4},"end":{"line":62,"column":null}},"35":{"start":{"line":62,"column":19},"end":{"line":62,"column":null}},"36":{"start":{"line":63,"column":4},"end":{"line":63,"column":null}},"37":{"start":{"line":66,"column":21},"end":{"line":71,"column":null}},"38":{"start":{"line":67,"column":4},"end":{"line":67,"column":null}},"39":{"start":{"line":68,"column":4},"end":{"line":68,"column":null}},"40":{"start":{"line":69,"column":4},"end":{"line":69,"column":null}},"41":{"start":{"line":70,"column":4},"end":{"line":70,"column":null}},"42":{"start":{"line":73,"column":22},"end":{"line":81,"column":null}},"43":{"start":{"line":74,"column":4},"end":{"line":80,"column":null}},"44":{"start":{"line":75,"column":6},"end":{"line":75,"column":null}},"45":{"start":{"line":76,"column":6},"end":{"line":76,"column":null}},"46":{"start":{"line":78,"column":6},"end":{"line":78,"column":null}},"47":{"start":{"line":79,"column":6},"end":{"line":79,"column":null}},"48":{"start":{"line":83,"column":29},"end":{"line":85,"column":null}},"49":{"start":{"line":84,"column":4},"end":{"line":84,"column":null}},"50":{"start":{"line":84,"column":33},"end":{"line":84,"column":null}},"51":{"start":{"line":87,"column":30},"end":{"line":92,"column":null}},"52":{"start":{"line":88,"column":18},"end":{"line":88,"column":null}},"53":{"start":{"line":89,"column":4},"end":{"line":91,"column":null}},"54":{"start":{"line":90,"column":6},"end":{"line":90,"column":null}},"55":{"start":{"line":94,"column":28},"end":{"line":98,"column":null}},"56":{"start":{"line":95,"column":4},"end":{"line":95,"column":null}},"57":{"start":{"line":96,"column":4},"end":{"line":96,"column":null}},"58":{"start":{"line":97,"column":4},"end":{"line":97,"column":null}},"59":{"start":{"line":172,"column":14},"end":{"line":173,"column":null}},"60":{"start":{"line":180,"column":31},"end":{"line":180,"column":null}},"61":{"start":{"line":192,"column":14},"end":{"line":192,"column":30}}},"fnMap":{"0":{"name":"Pomodoro","decl":{"start":{"line":11,"column":24},"end":{"line":11,"column":null}},"loc":{"start":{"line":11,"column":24},"end":{"line":202,"column":null}}},"1":{"name":"(anonymous_3)","decl":{"start":{"line":37,"column":12},"end":{"line":37,"column":null}},"loc":{"start":{"line":37,"column":12},"end":{"line":59,"column":5}}},"2":{"name":"(anonymous_4)","decl":{"start":{"line":39,"column":37},"end":{"line":39,"column":null}},"loc":{"start":{"line":39,"column":37},"end":{"line":51,"column":9}}},"3":{"name":"(anonymous_5)","decl":{"start":{"line":46,"column":21},"end":{"line":46,"column":22}},"loc":{"start":{"line":46,"column":31},"end":{"line":46,"column":null}}},"4":{"name":"(anonymous_6)","decl":{"start":{"line":49,"column":21},"end":{"line":49,"column":22}},"loc":{"start":{"line":49,"column":31},"end":{"line":49,"column":null}}},"5":{"name":"(anonymous_7)","decl":{"start":{"line":56,"column":11},"end":{"line":56,"column":null}},"loc":{"start":{"line":56,"column":11},"end":{"line":58,"column":null}}},"6":{"name":"(anonymous_8)","decl":{"start":{"line":61,"column":22},"end":{"line":61,"column":null}},"loc":{"start":{"line":61,"column":22},"end":{"line":64,"column":null}}},"7":{"name":"(anonymous_9)","decl":{"start":{"line":66,"column":21},"end":{"line":66,"column":null}},"loc":{"start":{"line":66,"column":21},"end":{"line":71,"column":null}}},"8":{"name":"(anonymous_10)","decl":{"start":{"line":73,"column":22},"end":{"line":73,"column":null}},"loc":{"start":{"line":73,"column":22},"end":{"line":81,"column":null}}},"9":{"name":"(anonymous_11)","decl":{"start":{"line":83,"column":29},"end":{"line":83,"column":null}},"loc":{"start":{"line":83,"column":29},"end":{"line":85,"column":null}}},"10":{"name":"(anonymous_12)","decl":{"start":{"line":87,"column":30},"end":{"line":87,"column":31}},"loc":{"start":{"line":87,"column":31},"end":{"line":92,"column":null}}},"11":{"name":"(anonymous_13)","decl":{"start":{"line":94,"column":28},"end":{"line":94,"column":null}},"loc":{"start":{"line":94,"column":28},"end":{"line":98,"column":null}}},"12":{"name":"(anonymous_14)","decl":{"start":{"line":171,"column":24},"end":{"line":171,"column":25}},"loc":{"start":{"line":172,"column":14},"end":{"line":173,"column":null}}},"13":{"name":"(anonymous_15)","decl":{"start":{"line":180,"column":25},"end":{"line":180,"column":31}},"loc":{"start":{"line":180,"column":31},"end":{"line":180,"column":null}}},"14":{"name":"(anonymous_16)","decl":{"start":{"line":191,"column":48},"end":{"line":191,"column":49}},"loc":{"start":{"line":192,"column":14},"end":{"line":192,"column":30}}}},"branchMap":{"0":{"loc":{"start":{"line":38,"column":4},"end":{"line":54,"column":null}},"type":"if","locations":[{"start":{"line":38,"column":4},"end":{"line":54,"column":null}},{"start":{"line":52,"column":11},"end":{"line":54,"column":null}}]},"1":{"loc":{"start":{"line":40,"column":8},"end":{"line":50,"column":null}},"type":"if","locations":[{"start":{"line":40,"column":8},"end":{"line":50,"column":null}},{"start":{"line":48,"column":15},"end":{"line":50,"column":null}}]},"2":{"loc":{"start":{"line":41,"column":10},"end":{"line":45,"column":null}},"type":"if","locations":[{"start":{"line":41,"column":10},"end":{"line":45,"column":null}}]},"3":{"loc":{"start":{"line":52,"column":11},"end":{"line":54,"column":null}},"type":"if","locations":[{"start":{"line":52,"column":11},"end":{"line":54,"column":null}}]},"4":{"loc":{"start":{"line":57,"column":6},"end":{"line":57,"column":null}},"type":"if","locations":[{"start":{"line":57,"column":6},"end":{"line":57,"column":null}}]},"5":{"loc":{"start":{"line":62,"column":4},"end":{"line":62,"column":null}},"type":"if","locations":[{"start":{"line":62,"column":4},"end":{"line":62,"column":null}}]},"6":{"loc":{"start":{"line":74,"column":4},"end":{"line":80,"column":null}},"type":"if","locations":[{"start":{"line":74,"column":4},"end":{"line":80,"column":null}},{"start":{"line":77,"column":11},"end":{"line":80,"column":null}}]},"7":{"loc":{"start":{"line":84,"column":4},"end":{"line":84,"column":null}},"type":"if","locations":[{"start":{"line":84,"column":4},"end":{"line":84,"column":null}}]},"8":{"loc":{"start":{"line":84,"column":8},"end":{"line":84,"column":33}},"type":"binary-expr","locations":[{"start":{"line":84,"column":8},"end":{"line":84,"column":21}},{"start":{"line":84,"column":21},"end":{"line":84,"column":33}}]},"9":{"loc":{"start":{"line":89,"column":4},"end":{"line":91,"column":null}},"type":"if","locations":[{"start":{"line":89,"column":4},"end":{"line":91,"column":null}}]},"10":{"loc":{"start":{"line":89,"column":8},"end":{"line":89,"column":37}},"type":"binary-expr","locations":[{"start":{"line":89,"column":8},"end":{"line":89,"column":25}},{"start":{"line":89,"column":25},"end":{"line":89,"column":37}}]},"11":{"loc":{"start":{"line":115,"column":16},"end":{"line":125,"column":17}},"type":"cond-expr","locations":[{"start":{"line":115,"column":16},"end":{"line":125,"column":17}}]},"12":{"loc":{"start":{"line":137,"column":16},"end":{"line":139,"column":17}},"type":"cond-expr","locations":[{"start":{"line":137,"column":16},"end":{"line":139,"column":17}}]},"13":{"loc":{"start":{"line":144,"column":11},"end":{"line":144,"column":null}},"type":"binary-expr","locations":[{"start":{"line":144,"column":11},"end":{"line":144,"column":null}}]},"14":{"loc":{"start":{"line":154,"column":15},"end":{"line":154,"column":null}},"type":"cond-expr","locations":[{"start":{"line":154,"column":27},"end":{"line":154,"column":38}},{"start":{"line":154,"column":38},"end":{"line":154,"column":null}}]},"15":{"loc":{"start":{"line":174,"column":25},"end":{"line":174,"column":null}},"type":"cond-expr","locations":[{"start":{"line":174,"column":51},"end":{"line":174,"column":63}},{"start":{"line":174,"column":63},"end":{"line":174,"column":null}}]},"16":{"loc":{"start":{"line":176,"column":18},"end":{"line":178,"column":null}},"type":"cond-expr","locations":[{"start":{"line":177,"column":22},"end":{"line":177,"column":null}},{"start":{"line":178,"column":22},"end":{"line":178,"column":null}}]},"17":{"loc":{"start":{"line":183,"column":17},"end":{"line":183,"column":44}},"type":"binary-expr","locations":[{"start":{"line":183,"column":17},"end":{"line":183,"column":44}}]}},"s":{"0":0,"1":0,"2":0,"3":0,"4":0,"5":0,"6":0,"7":0,"8":0,"9":0,"10":0,"11":0,"12":0,"13":0,"14":0,"15":0,"16":0,"17":0,"18":0,"19":0,"20":0,"21":0,"22":0,"23":0,"24":0,"25":0,"26":0,"27":0,"28":0,"29":0,"30":0,"31":0,"32":0,"33":0,"34":0,"35":0,"36":0,"37":0,"38":0,"39":0,"40":0,"41":0,"42":0,"43":0,"44":0,"45":0,"46":0,"47":0,"48":0,"49":0,"50":0,"51":0,"52":0,"53":0,"54":0,"55":0,"56":0,"57":0,"58":0,"59":0,"60":0,"61":0},"f":{"0":0,"1":0,"2":0,"3":0,"4":0,"5":0,"6":0,"7":0,"8":0,"9":0,"10":0,"11":0,"12":0,"13":0,"14":0},"b":{"0":[0,0],"1":[0,0],"2":[0],"3":[0],"4":[0],"5":[0],"6":[0,0],"7":[0],"8":[0,0],"9":[0],"10":[0,0],"11":[0],"12":[0],"13":[0],"14":[0,0],"15":[0,0],"16":[0,0],"17":[0]}}
,"D:\\OneDrive\\Projects\\final-project-07-hills\\cirkle-app\\app\\welcome\\page.tsx": {"path":"D:\\OneDrive\\Projects\\final-project-07-hills\\cirkle-app\\app\\welcome\\page.tsx","statementMap":{"0":{"start":{"line":11,"column":24},"end":{"line":11,"column":null}},"1":{"start":{"line":2,"column":36},"end":{"line":2,"column":null}},"2":{"start":{"line":3,"column":26},"end":{"line":3,"column":null}},"3":{"start":{"line":4,"column":17},"end":{"line":4,"column":null}},"4":{"start":{"line":5,"column":23},"end":{"line":5,"column":null}},"5":{"start":{"line":6,"column":53},"end":{"line":6,"column":null}},"6":{"start":{"line":8,"column":24},"end":{"line":8,"column":null}},"7":{"start":{"line":9,"column":21},"end":{"line":9,"column":null}},"8":{"start":{"line":12,"column":36},"end":{"line":12,"column":null}},"9":{"start":{"line":13,"column":46},"end":{"line":13,"column":null}},"10":{"start":{"line":14,"column":36},"end":{"line":14,"column":null}},"11":{"start":{"line":15,"column":30},"end":{"line":15,"column":54}},"12":{"start":{"line":16,"column":17},"end":{"line":16,"column":null}},"13":{"start":{"line":19,"column":2},"end":{"line":22,"column":null}},"14":{"start":{"line":20,"column":24},"end":{"line":20,"column":null}},"15":{"start":{"line":21,"column":4},"end":{"line":21,"column":60}},"16":{"start":{"line":21,"column":46},"end":{"line":21,"column":56}},"17":{"start":{"line":25,"column":22},"end":{"line":42,"column":null}},"18":{"start":{"line":26,"column":4},"end":{"line":26,"column":null}},"19":{"start":{"line":26,"column":33},"end":{"line":26,"column":null}},"20":{"start":{"line":29,"column":4},"end":{"line":29,"column":null}},"21":{"start":{"line":29,"column":30},"end":{"line":29,"column":null}},"22":{"start":{"line":32,"column":24},"end":{"line":32,"column":null}},"23":{"start":{"line":33,"column":4},"end":{"line":33,"column":null}},"24":{"start":{"line":36,"column":4},"end":{"line":36,"column":null}},"25":{"start":{"line":39,"column":4},"end":{"line":39,"column":null}},"26":{"start":{"line":40,"column":4},"end":{"line":40,"column":null}},"27":{"start":{"line":41,"column":4},"end":{"line":41,"column":null}},"28":{"start":{"line":45,"column":24},"end":{"line":54,"column":null}},"29":{"start":{"line":46,"column":4},"end":{"line":53,"column":null}},"30":{"start":{"line":47,"column":6},"end":{"line":47,"column":null}},"31":{"start":{"line":48,"column":6},"end":{"line":48,"column":null}},"32":{"start":{"line":50,"column":6},"end":{"line":50,"column":null}},"33":{"start":{"line":52,"column":6},"end":{"line":52,"column":null}},"34":{"start":{"line":101,"column":12},"end":{"line":101,"column":30}},"35":{"start":{"line":111,"column":27},"end":{"line":111,"column":null}},"36":{"start":{"line":127,"column":16},"end":{"line":132,"column":null}},"37":{"start":{"line":128,"column":18},"end":{"line":128,"column":null}},"38":{"start":{"line":129,"column":18},"end":{"line":129,"column":null}},"39":{"start":{"line":131,"column":18},"end":{"line":131,"column":null}},"40":{"start":{"line":148,"column":35},"end":{"line":148,"column":null}},"41":{"start":{"line":162,"column":33},"end":{"line":162,"column":null}}},"fnMap":{"0":{"name":"Welcome","decl":{"start":{"line":11,"column":24},"end":{"line":11,"column":null}},"loc":{"start":{"line":11,"column":24},"end":{"line":177,"column":null}}},"1":{"name":"(anonymous_3)","decl":{"start":{"line":19,"column":12},"end":{"line":19,"column":null}},"loc":{"start":{"line":19,"column":12},"end":{"line":22,"column":5}}},"2":{"name":"(anonymous_4)","decl":{"start":{"line":21,"column":30},"end":{"line":21,"column":31}},"loc":{"start":{"line":21,"column":46},"end":{"line":21,"column":56}}},"3":{"name":"(anonymous_5)","decl":{"start":{"line":25,"column":22},"end":{"line":25,"column":null}},"loc":{"start":{"line":25,"column":22},"end":{"line":42,"column":null}}},"4":{"name":"(anonymous_6)","decl":{"start":{"line":29,"column":14},"end":{"line":29,"column":15}},"loc":{"start":{"line":29,"column":30},"end":{"line":29,"column":null}}},"5":{"name":"(anonymous_7)","decl":{"start":{"line":45,"column":24},"end":{"line":45,"column":null}},"loc":{"start":{"line":45,"column":24},"end":{"line":54,"column":null}}},"6":{"name":"(anonymous_8)","decl":{"start":{"line":100,"column":22},"end":{"line":100,"column":23}},"loc":{"start":{"line":101,"column":12},"end":{"line":101,"column":30}}},"7":{"name":"(anonymous_9)","decl":{"start":{"line":111,"column":21},"end":{"line":111,"column":27}},"loc":{"start":{"line":111,"column":27},"end":{"line":111,"column":null}}},"8":{"name":"(anonymous_10)","decl":{"start":{"line":126,"column":23},"end":{"line":126,"column":null}},"loc":{"start":{"line":126,"column":23},"end":{"line":133,"column":null}}},"9":{"name":"(anonymous_11)","decl":{"start":{"line":148,"column":28},"end":{"line":148,"column":29}},"loc":{"start":{"line":148,"column":35},"end":{"line":148,"column":null}}},"10":{"name":"(anonymous_12)","decl":{"start":{"line":162,"column":27},"end":{"line":162,"column":33}},"loc":{"start":{"line":162,"column":33},"end":{"line":162,"column":null}}}},"branchMap":{"0":{"loc":{"start":{"line":20,"column":35},"end":{"line":20,"column":null}},"type":"binary-expr","locations":[{"start":{"line":20,"column":35},"end":{"line":20,"column":69}},{"start":{"line":20,"column":69},"end":{"line":20,"column":null}}]},"1":{"loc":{"start":{"line":26,"column":4},"end":{"line":26,"column":null}},"type":"if","locations":[{"start":{"line":26,"column":4},"end":{"line":26,"column":null}}]},"2":{"loc":{"start":{"line":32,"column":35},"end":{"line":32,"column":null}},"type":"binary-expr","locations":[{"start":{"line":32,"column":35},"end":{"line":32,"column":69}},{"start":{"line":32,"column":69},"end":{"line":32,"column":null}}]},"3":{"loc":{"start":{"line":121,"column":7},"end":{"line":121,"column":null}},"type":"binary-expr","locations":[{"start":{"line":121,"column":7},"end":{"line":121,"column":null}}]},"4":{"loc":{"start":{"line":127,"column":16},"end":{"line":132,"column":null}},"type":"if","locations":[{"start":{"line":127,"column":16},"end":{"line":132,"column":null}},{"start":{"line":130,"column":23},"end":{"line":132,"column":null}}]},"5":{"loc":{"start":{"line":141,"column":14},"end":{"line":160,"column":15}},"type":"cond-expr","locations":[{"start":{"line":141,"column":14},"end":{"line":160,"column":15}}]}},"s":{"0":5,"1":1,"2":1,"3":1,"4":1,"5":1,"6":1,"7":1,"8":15,"9":15,"10":15,"11":15,"12":15,"13":15,"14":5,"15":5,"16":8,"17":15,"18":1,"19":0,"20":1,"21":1,"22":1,"23":1,"24":1,"25":1,"26":1,"27":1,"28":15,"29":1,"30":1,"31":1,"32":1,"33":0,"34":19,"35":2,"36":0,"37":0,"38":0,"39":0,"40":1,"41":1},"f":{"0":15,"1":5,"2":8,"3":1,"4":1,"5":1,"6":19,"7":2,"8":0,"9":1,"10":1},"b":{"0":[5,1],"1":[0],"2":[1,0],"3":[15],"4":[0,0],"5":[2]}}
,"D:\\OneDrive\\Projects\\final-project-07-hills\\cirkle-app\\lib\\auth.ts": {"path":"D:\\OneDrive\\Projects\\final-project-07-hills\\cirkle-app\\lib\\auth.ts","statementMap":{"0":{"start":{"line":49,"column":15},"end":{"line":49,"column":29}},"1":{"start":{"line":18,"column":15},"end":{"line":18,"column":31}},"2":{"start":{"line":35,"column":15},"end":{"line":35,"column":26}},"3":{"start":{"line":8,"column":9},"end":{"line":8,"column":null}},"4":{"start":{"line":9,"column":23},"end":{"line":9,"column":null}},"5":{"start":{"line":12,"column":25},"end":{"line":12,"column":null}},"6":{"start":{"line":18,"column":34},"end":{"line":30,"column":null}},"7":{"start":{"line":19,"column":4},"end":{"line":29,"column":null}},"8":{"start":{"line":21,"column":6},"end":{"line":23,"column":null}},"9":{"start":{"line":25,"column":6},"end":{"line":25,"column":null}},"10":{"start":{"line":27,"column":6},"end":{"line":27,"column":null}},"11":{"start":{"line":28,"column":6},"end":{"line":28,"column":null}},"12":{"start":{"line":35,"column":29},"end":{"line":43,"column":null}},"13":{"start":{"line":36,"column":4},"end":{"line":42,"column":null}},"14":{"start":{"line":37,"column":6},"end":{"line":37,"column":null}},"15":{"start":{"line":38,"column":6},"end":{"line":38,"column":null}},"16":{"start":{"line":40,"column":6},"end":{"line":40,"column":null}},"17":{"start":{"line":41,"column":6},"end":{"line":41,"column":null}},"18":{"start":{"line":49,"column":32},"end":{"line":51,"column":null}},"19":{"start":{"line":50,"column":4},"end":{"line":50,"column":null}}},"fnMap":{"0":{"name":"(anonymous_4)","decl":{"start":{"line":18,"column":34},"end":{"line":18,"column":null}},"loc":{"start":{"line":18,"column":34},"end":{"line":30,"column":null}}},"1":{"name":"(anonymous_5)","decl":{"start":{"line":35,"column":29},"end":{"line":35,"column":null}},"loc":{"start":{"line":35,"column":29},"end":{"line":43,"column":null}}},"2":{"name":"(anonymous_6)","decl":{"start":{"line":49,"column":32},"end":{"line":49,"column":null}},"loc":{"start":{"line":49,"column":32},"end":{"line":51,"column":null}}}},"branchMap":{},"s":{"0":2,"1":2,"2":2,"3":1,"4":1,"5":1,"6":1,"7":2,"8":2,"9":2,"10":1,"11":1,"12":1,"13":2,"14":2,"15":1,"16":1,"17":1,"18":1,"19":2},"f":{"0":2,"1":2,"2":2},"b":{}}
,"D:\\OneDrive\\Projects\\final-project-07-hills\\cirkle-app\\lib\\firebase.ts": {"path":"D:\\OneDrive\\Projects\\final-project-07-hills\\cirkle-app\\lib\\firebase.ts","statementMap":{"0":{"start":{"line":27,"column":9},"end":{"line":27,"column":12}},"1":{"start":{"line":27,"column":14},"end":{"line":27,"column":18}},"2":{"start":{"line":2,"column":47},"end":{"line":2,"column":null}},"3":{"start":{"line":3,"column":24},"end":{"line":3,"column":null}},"4":{"start":{"line":6,"column":23},"end":{"line":13,"column":null}},"5":{"start":{"line":16,"column":0},"end":{"line":21,"column":null}},"6":{"start":{"line":17,"column":24},"end":{"line":17,"column":null}},"7":{"start":{"line":18,"column":2},"end":{"line":18,"column":null}},"8":{"start":{"line":20,"column":2},"end":{"line":20,"column":null}},"9":{"start":{"line":24,"column":12},"end":{"line":24,"column":null}},"10":{"start":{"line":25,"column":13},"end":{"line":25,"column":null}}},"fnMap":{},"branchMap":{"0":{"loc":{"start":{"line":16,"column":0},"end":{"line":21,"column":null}},"type":"if","locations":[{"start":{"line":16,"column":0},"end":{"line":21,"column":null}},{"start":{"line":19,"column":7},"end":{"line":21,"column":null}}]},"1":{"loc":{"start":{"line":24,"column":12},"end":{"line":24,"column":null}},"type":"cond-expr","locations":[{"start":{"line":24,"column":35},"end":{"line":24,"column":46}},{"start":{"line":24,"column":46},"end":{"line":24,"column":null}}]}},"s":{"0":0,"1":0,"2":0,"3":0,"4":0,"5":0,"6":0,"7":0,"8":0,"9":0,"10":0},"f":{},"b":{"0":[0,0],"1":[0,0]}}
,"D:\\OneDrive\\Projects\\final-project-07-hills\\cirkle-app\\lib\\utils.ts": {"path":"D:\\OneDrive\\Projects\\final-project-07-hills\\cirkle-app\\lib\\utils.ts","statementMap":{"0":{"start":{"line":4,"column":16},"end":{"line":4,"column":19}},"1":{"start":{"line":1,"column":38},"end":{"line":1,"column":null}},"2":{"start":{"line":2,"column":24},"end":{"line":2,"column":null}},"3":{"start":{"line":5,"column":2},"end":{"line":5,"column":null}}},"fnMap":{"0":{"name":"cn","decl":{"start":{"line":4,"column":16},"end":{"line":4,"column":19}},"loc":{"start":{"line":4,"column":42},"end":{"line":6,"column":null}}}},"branchMap":{},"s":{"0":92,"1":2,"2":2,"3":92},"f":{"0":92},"b":{}}
}
