TN:
SF:app\layout.tsx
FN:14,RootLayout
FNF:1
FNH:0
FNDA:0,RootLayout
DA:3,0
DA:4,0
DA:5,0
DA:7,0
DA:9,0
DA:14,0
LF:6
LH:0
BRF:0
BRH:0
end_of_record
TN:
SF:app\page.tsx
FN:8,Home
FN:13,(anonymous_2)
FNF:2
FNH:2
FNDA:7,Home
FNDA:2,(anonymous_2)
DA:3,1
DA:4,1
DA:5,1
DA:6,1
DA:8,3
DA:9,7
DA:10,7
DA:11,7
DA:13,7
DA:14,2
DA:15,2
DA:16,2
DA:19,2
DA:22,1
DA:24,1
DA:25,1
DA:27,2
LF:17
LH:17
BRDA:45,0,0,7
BRDA:57,1,0,2
BRDA:57,1,1,5
BRF:3
BRH:3
end_of_record
TN:
SF:app\cmpt276\page.tsx
FN:8,CMPT276
FN:14,(anonymous_3)
FN:15,(anonymous_4)
FN:17,(anonymous_5)
FN:39,(anonymous_6)
FNF:5
FNH:0
FNDA:0,CMPT276
FNDA:0,(anonymous_3)
FNDA:0,(anonymous_4)
FNDA:0,(anonymous_5)
FNDA:0,(anonymous_6)
DA:3,0
DA:4,0
DA:5,0
DA:6,0
DA:8,0
DA:10,0
DA:11,0
DA:14,0
DA:15,0
DA:16,0
DA:17,0
DA:40,0
LF:12
LH:0
BRDA:44,0,0,0
BRDA:44,0,1,0
BRDA:62,1,0,0
BRF:3
BRH:0
end_of_record
TN:
SF:app\group\[groupName]\page.tsx
FN:9,GroupPage
FN:14,(anonymous_3)
FN:19,(anonymous_4)
FN:20,(anonymous_5)
FN:22,(anonymous_6)
FN:44,(anonymous_7)
FNF:6
FNH:0
FNDA:0,GroupPage
FNDA:0,(anonymous_3)
FNDA:0,(anonymous_4)
FNDA:0,(anonymous_5)
FNDA:0,(anonymous_6)
FNDA:0,(anonymous_7)
DA:3,0
DA:4,0
DA:5,0
DA:6,0
DA:7,0
DA:9,0
DA:10,0
DA:11,0
DA:12,0
DA:14,0
DA:16,0
DA:19,0
DA:20,0
DA:21,0
DA:22,0
DA:45,0
LF:16
LH:0
BRDA:49,0,0,0
BRDA:49,0,1,0
BRDA:66,1,0,0
BRF:3
BRH:0
end_of_record
TN:
SF:app\pomodoro\page.tsx
FN:11,Pomodoro
FN:37,(anonymous_3)
FN:39,(anonymous_4)
FN:46,(anonymous_5)
FN:49,(anonymous_6)
FN:56,(anonymous_7)
FN:61,(anonymous_8)
FN:66,(anonymous_9)
FN:73,(anonymous_10)
FN:83,(anonymous_11)
FN:87,(anonymous_12)
FN:94,(anonymous_13)
FN:171,(anonymous_14)
FN:180,(anonymous_15)
FN:191,(anonymous_16)
FNF:15
FNH:0
FNDA:0,Pomodoro
FNDA:0,(anonymous_3)
FNDA:0,(anonymous_4)
FNDA:0,(anonymous_5)
FNDA:0,(anonymous_6)
FNDA:0,(anonymous_7)
FNDA:0,(anonymous_8)
FNDA:0,(anonymous_9)
FNDA:0,(anonymous_10)
FNDA:0,(anonymous_11)
FNDA:0,(anonymous_12)
FNDA:0,(anonymous_13)
FNDA:0,(anonymous_14)
FNDA:0,(anonymous_15)
FNDA:0,(anonymous_16)
DA:3,0
DA:4,0
DA:5,0
DA:6,0
DA:11,0
DA:12,0
DA:13,0
DA:14,0
DA:15,0
DA:16,0
DA:17,0
DA:19,0
DA:20,0
DA:22,0
DA:35,0
DA:37,0
DA:38,0
DA:39,0
DA:40,0
DA:41,0
DA:42,0
DA:43,0
DA:44,0
DA:46,0
DA:47,0
DA:49,0
DA:52,0
DA:53,0
DA:56,0
DA:57,0
DA:61,0
DA:62,0
DA:63,0
DA:66,0
DA:67,0
DA:68,0
DA:69,0
DA:70,0
DA:73,0
DA:74,0
DA:75,0
DA:76,0
DA:78,0
DA:79,0
DA:83,0
DA:84,0
DA:87,0
DA:88,0
DA:89,0
DA:90,0
DA:94,0
DA:95,0
DA:96,0
DA:97,0
DA:172,0
DA:180,0
DA:192,0
LF:57
LH:0
BRDA:38,0,0,0
BRDA:38,0,1,0
BRDA:40,1,0,0
BRDA:40,1,1,0
BRDA:41,2,0,0
BRDA:52,3,0,0
BRDA:57,4,0,0
BRDA:62,5,0,0
BRDA:74,6,0,0
BRDA:74,6,1,0
BRDA:84,7,0,0
BRDA:84,8,0,0
BRDA:84,8,1,0
BRDA:89,9,0,0
BRDA:89,10,0,0
BRDA:89,10,1,0
BRDA:115,11,0,0
BRDA:137,12,0,0
BRDA:144,13,0,0
BRDA:154,14,0,0
BRDA:154,14,1,0
BRDA:174,15,0,0
BRDA:174,15,1,0
BRDA:176,16,0,0
BRDA:176,16,1,0
BRDA:183,17,0,0
BRF:26
BRH:0
end_of_record
TN:
SF:app\welcome\page.tsx
FN:11,Welcome
FN:19,(anonymous_3)
FN:21,(anonymous_4)
FN:25,(anonymous_5)
FN:29,(anonymous_6)
FN:45,(anonymous_7)
FN:100,(anonymous_8)
FN:111,(anonymous_9)
FN:126,(anonymous_10)
FN:148,(anonymous_11)
FN:162,(anonymous_12)
FNF:11
FNH:10
FNDA:15,Welcome
FNDA:5,(anonymous_3)
FNDA:8,(anonymous_4)
FNDA:1,(anonymous_5)
FNDA:1,(anonymous_6)
FNDA:1,(anonymous_7)
FNDA:19,(anonymous_8)
FNDA:2,(anonymous_9)
FNDA:0,(anonymous_10)
FNDA:1,(anonymous_11)
FNDA:1,(anonymous_12)
DA:2,1
DA:3,1
DA:4,1
DA:5,1
DA:6,1
DA:8,1
DA:9,1
DA:11,5
DA:12,15
DA:13,15
DA:14,15
DA:15,15
DA:16,15
DA:19,15
DA:20,5
DA:21,8
DA:25,15
DA:26,1
DA:29,1
DA:32,1
DA:33,1
DA:36,1
DA:39,1
DA:40,1
DA:41,1
DA:45,15
DA:46,1
DA:47,1
DA:48,1
DA:50,1
DA:52,0
DA:101,19
DA:111,2
DA:127,0
DA:128,0
DA:129,0
DA:131,0
DA:148,1
DA:162,1
LF:39
LH:34
BRDA:20,0,0,5
BRDA:20,0,1,1
BRDA:26,1,0,0
BRDA:32,2,0,1
BRDA:32,2,1,0
BRDA:121,3,0,15
BRDA:127,4,0,0
BRDA:127,4,1,0
BRDA:141,5,0,2
BRF:9
BRH:5
end_of_record
TN:
SF:lib\auth.ts
FN:18,(anonymous_4)
FN:35,(anonymous_5)
FN:49,(anonymous_6)
FNF:3
FNH:3
FNDA:2,(anonymous_4)
FNDA:2,(anonymous_5)
FNDA:2,(anonymous_6)
DA:8,1
DA:9,1
DA:12,1
DA:18,2
DA:19,2
DA:21,2
DA:25,2
DA:27,1
DA:28,1
DA:35,2
DA:36,2
DA:37,2
DA:38,1
DA:40,1
DA:41,1
DA:49,2
DA:50,2
LF:17
LH:17
BRF:0
BRH:0
end_of_record
TN:
SF:lib\firebase.ts
FNF:0
FNH:0
DA:2,0
DA:3,0
DA:6,0
DA:16,0
DA:17,0
DA:18,0
DA:20,0
DA:24,0
DA:25,0
DA:27,0
LF:10
LH:0
BRDA:16,0,0,0
BRDA:16,0,1,0
BRDA:24,1,0,0
BRDA:24,1,1,0
BRF:4
BRH:0
end_of_record
TN:
SF:lib\utils.ts
FN:4,cn
FNF:1
FNH:1
FNDA:92,cn
DA:1,2
DA:2,2
DA:4,92
DA:5,92
LF:4
LH:4
BRF:0
BRH:0
end_of_record
